app/build/outputs/mapping/release/seeds.txt
abanoubm.engeel.R$anim: int abc_fade_in
abanoubm.engeel.R$anim: int abc_fade_out
abanoubm.engeel.R$anim: int abc_grow_fade_in_from_bottom
abanoubm.engeel.R$anim: int abc_popup_enter
abanoubm.engeel.R$anim: int abc_popup_exit
abanoubm.engeel.R$anim: int abc_shrink_fade_out_from_bottom
abanoubm.engeel.R$anim: int abc_slide_in_bottom
abanoubm.engeel.R$anim: int abc_slide_in_top
abanoubm.engeel.R$anim: int abc_slide_out_bottom
abanoubm.engeel.R$anim: int abc_slide_out_top
abanoubm.engeel.R$attr: int actionBarDivider
abanoubm.engeel.R$attr: int actionBarItemBackground
abanoubm.engeel.R$attr: int actionBarPopupTheme
abanoubm.engeel.R$attr: int actionBarSize
abanoubm.engeel.R$attr: int actionBarSplitStyle
abanoubm.engeel.R$attr: int actionBarStyle
abanoubm.engeel.R$attr: int actionBarTabBarStyle
abanoubm.engeel.R$attr: int actionBarTabStyle
abanoubm.engeel.R$attr: int actionBarTabTextStyle
abanoubm.engeel.R$attr: int actionBarTheme
abanoubm.engeel.R$attr: int actionBarWidgetTheme
abanoubm.engeel.R$attr: int actionButtonStyle
abanoubm.engeel.R$attr: int actionDropDownStyle
abanoubm.engeel.R$attr: int actionLayout
abanoubm.engeel.R$attr: int actionMenuTextAppearance
abanoubm.engeel.R$attr: int actionMenuTextColor
abanoubm.engeel.R$attr: int actionModeBackground
abanoubm.engeel.R$attr: int actionModeCloseButtonStyle
abanoubm.engeel.R$attr: int actionModeCloseDrawable
abanoubm.engeel.R$attr: int actionModeCopyDrawable
abanoubm.engeel.R$attr: int actionModeCutDrawable
abanoubm.engeel.R$attr: int actionModeFindDrawable
abanoubm.engeel.R$attr: int actionModePasteDrawable
abanoubm.engeel.R$attr: int actionModePopupWindowStyle
abanoubm.engeel.R$attr: int actionModeSelectAllDrawable
abanoubm.engeel.R$attr: int actionModeShareDrawable
abanoubm.engeel.R$attr: int actionModeSplitBackground
abanoubm.engeel.R$attr: int actionModeStyle
abanoubm.engeel.R$attr: int actionModeWebSearchDrawable
abanoubm.engeel.R$attr: int actionOverflowButtonStyle
abanoubm.engeel.R$bool: int abc_action_bar_embed_tabs
abanoubm.engeel.R$bool: int abc_action_bar_embed_tabs_pre_jb
abanoubm.engeel.R$bool: int abc_action_bar_expanded_action_views_exclusive
abanoubm.engeel.R$bool: int abc_allow_stacked_button_bar
abanoubm.engeel.R$bool: int abc_config_actionMenuItemAllCaps
abanoubm.engeel.R$bool: int abc_config_allowActionMenuItemTextWithIcon
abanoubm.engeel.R$bool: int abc_config_closeDialogWhenTouchOutside
abanoubm.engeel.R$bool: int abc_config_showMenuShortcutsWhenKeyboardPresent
abanoubm.engeel.R$color: int abc_background_cache_hint_selector_material_dark
abanoubm.engeel.R$color: int abc_background_cache_hint_selector_material_light
abanoubm.engeel.R$color: int abc_color_highlight_material
abanoubm.engeel.R$color: int abc_input_method_navigation_guard
abanoubm.engeel.R$color: int abc_primary_text_disable_only_material_dark
abanoubm.engeel.R$color: int abc_primary_text_disable_only_material_light
abanoubm.engeel.R$color: int abc_primary_text_material_dark
abanoubm.engeel.R$color: int abc_primary_text_material_light
abanoubm.engeel.R$color: int abc_search_url_text
abanoubm.engeel.R$color: int abc_search_url_text_normal
abanoubm.engeel.R$color: int abc_search_url_text_pressed
abanoubm.engeel.R$color: int abc_search_url_text_selected
abanoubm.engeel.R$color: int abc_secondary_text_material_dark
abanoubm.engeel.R$color: int abc_secondary_text_material_light
abanoubm.engeel.R$color: int accent_material_dark
abanoubm.engeel.R$color: int accent_material_light
abanoubm.engeel.R$color: int background_floating_material_dark
abanoubm.engeel.R$color: int background_floating_material_light
abanoubm.engeel.R$color: int background_material_dark
abanoubm.engeel.R$color: int background_material_light
abanoubm.engeel.R$color: int black
abanoubm.engeel.R$color: int blue1
abanoubm.engeel.R$color: int blue2
abanoubm.engeel.R$color: int blue3
abanoubm.engeel.R$color: int bright_foreground_disabled_material_dark
...
android.support.v7.app.AppCompatDelegateImplV7$PanelFeatureState$SavedState: android.os.Parcelable$Creator CREATOR
android.support.v7.appcompat.R$anim: int abc_fade_in
android.support.v7.appcompat.R$anim: int abc_fade_out
android.support.v7.appcompat.R$anim: int abc_grow_fade_in_from_bottom
android.support.v7.appcompat.R$anim: int abc_popup_enter
android.support.v7.appcompat.R$anim: int abc_popup_exit
android.support.v7.appcompat.R$anim: int abc_shrink_fade_out_from_bottom
android.support.v7.appcompat.R$anim: int abc_slide_in_bottom
android.support.v7.appcompat.R$anim: int abc_slide_in_top
android.support.v7.appcompat.R$anim: int abc_slide_out_bottom
android.support.v7.appcompat.R$anim: int abc_slide_out_top
android.support.v7.appcompat.R$attr: int actionBarDivider
android.support.v7.appcompat.R$attr: int actionBarItemBackground
android.support.v7.appcompat.R$attr: int actionBarPopupTheme
android.support.v7.appcompat.R$attr: int actionBarSize
android.support.v7.appcompat.R$attr: int actionBarSplitStyle
android.support.v7.appcompat.R$attr: int actionBarStyle
android.support.v7.appcompat.R$attr: int actionBarTabBarStyle
android.support.v7.appcompat.R$attr: int actionBarTabStyle
android.support.v7.appcompat.R$attr: int actionBarTabTextStyle
android.support.v7.appcompat.R$attr: int actionBarTheme
android.support.v7.appcompat.R$attr: int actionBarWidgetTheme
android.support.v7.appcompat.R$attr: int actionButtonStyle
android.support.v7.appcompat.R$attr: int actionDropDownStyle
android.support.v7.appcompat.R$attr: int actionLayout
android.support.v7.appcompat.R$attr: int actionMenuTextAppearance
android.support.v7.appcompat.R$attr: int actionMenuTextColor
android.support.v7.appcompat.R$attr: int actionModeBackground
android.support.v7.appcompat.R$attr: int actionModeCloseButtonStyle
android.support.v7.appcompat.R$attr: int actionModeCloseDrawable
android.support.v7.appcompat.R$attr: int actionModeCopyDrawable
android.support.v7.appcompat.R$attr: int actionModeCutDrawable
android.support.v7.appcompat.R$attr: int actionModeFindDrawable
android.support.v7.appcompat.R$attr: int actionModePasteDrawable
android.support.v7.appcompat.R$attr: int actionModePopupWindowStyle
android.support.v7.appcompat.R$bool: int abc_action_bar_embed_tabs
android.support.v7.appcompat.R$bool: int abc_action_bar_embed_tabs_pre_jb
android.support.v7.appcompat.R$bool: int abc_action_bar_expanded_action_views_exclusive
android.support.v7.appcompat.R$bool: int abc_allow_stacked_button_bar
android.support.v7.appcompat.R$bool: int abc_config_actionMenuItemAllCaps
android.support.v7.appcompat.R$bool: int abc_config_allowActionMenuItemTextWithIcon
android.support.v7.appcompat.R$bool: int abc_config_closeDialogWhenTouchOutside
android.support.v7.appcompat.R$bool: int abc_config_showMenuShortcutsWhenKeyboardPresent