app/build/outputs/mapping/release/mapping.txt
abanoubm.engeel.adp.GridBaseAdapter -> abanoubm.engeel.a.a:
    int fieldsCount -> a
    android.content.Context context -> b
    int white -> c
    int grey -> d
    int getCount() -> getCount
    java.lang.Object getItem(int) -> getItem
    long getItemId(int) -> getItemId
    android.view.View getView(int,android.view.View,android.view.ViewGroup) -> getView
abanoubm.engeel.adp.GridListAdapter -> abanoubm.engeel.a.b:
    int white -> a
    int grey -> b
    android.view.View getView(int,android.view.View,android.view.ViewGroup) -> getView
abanoubm.engeel.adp.VersesAdapter -> abanoubm.engeel.a.c:
    android.view.View getView(int,android.view.View,android.view.ViewGroup) -> getView
abanoubm.engeel.data.Verse -> abanoubm.engeel.b.a:
    int bid -> a
    int cid -> b
    int vid -> c
    java.lang.String text -> d
    int getBid() -> a
    int getCid() -> b
    int getVid() -> c
    java.lang.String getText() -> d
abanoubm.engeel.main.BibileInfo -> abanoubm.engeel.main.a:
    java.util.ArrayList searchResults -> a
    java.lang.String[] shahhd -> b
    java.util.ArrayList menuItems -> c
    java.lang.String[] chapterNames -> d
    short[] bibleLengths -> e
    java.lang.String[] bibleNewTestNames -> f
    java.lang.String[] bibleOldTestNames -> g
    java.lang.String[] bibleNames -> h
    java.lang.String getArabicNum(int) -> a
    java.lang.String getBibleChapterStr(int,int) -> a
    boolean isValidChapterNum(java.lang.String) -> a
    boolean isValidVerseNum(java.lang.String) -> b
abanoubm.engeel.main.BibileInfo$1 -> abanoubm.engeel.main.b:
abanoubm.engeel.main.DB -> abanoubm.engeel.main.c:
    java.lang.String DB_PATH -> a
    java.lang.String DB_NAME -> b
    java.lang.String assets_DB_NAME -> c
    java.lang.String Tb_NAME -> d
    android.database.sqlite.SQLiteDatabase db -> e
    android.content.Context mContext -> f
    abanoubm.engeel.main.DB dbm -> g
    abanoubm.engeel.main.DB getInstance(android.content.Context) -> a
    void onCreate(android.database.sqlite.SQLiteDatabase) -> onCreate
    void onUpgrade(android.database.sqlite.SQLiteDatabase,int,int) -> onUpgrade
    void unpackZip() -> a
    java.util.ArrayList search(java.lang.String,int,int) -> a
    java.util.ArrayList getChapter(int,int) -> a
    java.lang.String getVerse(int,int,int) -> a
abanoubm.engeel.main.FavouriteDB -> abanoubm.engeel.main.d:
    java.lang.String DB_NAME -> a
    java.lang.String Tb_NAME -> b
    abanoubm.engeel.main.FavouriteDB dbm -> c
    abanoubm.engeel.main.FavouriteDB getInstance(android.content.Context) -> a
    void onCreate(android.database.sqlite.SQLiteDatabase) -> onCreate
    void onUpgrade(android.database.sqlite.SQLiteDatabase,int,int) -> onUpgrade
    java.lang.Boolean checkVerse(int,int,int) -> a
    boolean addVerse(int,int,int,java.lang.String) -> a
    void removeVerse(int,int,int) -> b
    java.util.ArrayList getFavourites(android.content.Context) -> b
abanoubm.engeel.main.Main -> abanoubm.engeel.main.Main:
    void onCreate(android.os.Bundle) -> onCreate
abanoubm.engeel.main.Main$1 -> abanoubm.engeel.main.e:
    abanoubm.engeel.main.Main this$0 -> a
    void onItemClick(android.widget.AdapterView,android.view.View,int,long) -> onItemClick
abanoubm.engeel.main.Main$GetFavouritesTask -> abanoubm.engeel.main.f:
    android.app.ProgressDialog pBar -> b
    abanoubm.engeel.main.Main this$0 -> a
    void onPreExecute() -> onPreExecute
    java.lang.Boolean doInBackground(java.lang.Void[]) -> a
    void onPostExecute(java.lang.Boolean) -> a
    void onPostExecute(java.lang.Object) -> onPostExecute
    java.lang.Object doInBackground(java.lang.Object[]) -> doInBackground
abanoubm.engeel.main.Splash -> abanoubm.engeel.main.Splash:
    void onCreate(android.os.Bundle) -> onCreate
abanoubm.engeel.opr.BibleChooser -> abanoubm.engeel.opr.BibleChooser:
    void onCreate(android.os.Bundle) -> onCreate
...
android.support.v4.view.MotionEventCompat$BaseMotionEventVersionImpl -> android.support.v4.h.aj:
    int findPointerIndex(android.view.MotionEvent,int) -> a
    int getPointerId(android.view.MotionEvent,int) -> b
    float getX(android.view.MotionEvent,int) -> c
    float getY(android.view.MotionEvent,int) -> d
    int getSource(android.view.MotionEvent) -> a
    float getAxisValue(android.view.MotionEvent,int) -> e
android.support.v4.view.MotionEventCompat$EclairMotionEventVersionImpl -> android.support.v4.h.ak:
    int findPointerIndex(android.view.MotionEvent,int) -> a
    int getPointerId(android.view.MotionEvent,int) -> b
    float getX(android.view.MotionEvent,int) -> c
    float getY(android.view.MotionEvent,int) -> d
android.support.v4.view.MotionEventCompat$GingerbreadMotionEventVersionImpl -> android.support.v4.h.al:
    int getSource(android.view.MotionEvent) -> a
android.support.v4.view.MotionEventCompat$HoneycombMr1MotionEventVersionImpl -> android.support.v4.h.am:
    float getAxisValue(android.view.MotionEvent,int) -> e
android.support.v4.view.MotionEventCompat$MotionEventVersionImpl -> android.support.v4.h.an:
    int findPointerIndex(android.view.MotionEvent,int) -> a
    int getPointerId(android.view.MotionEvent,int) -> b
    float getX(android.view.MotionEvent,int) -> c
    float getY(android.view.MotionEvent,int) -> d
    int getSource(android.view.MotionEvent) -> a
    float getAxisValue(android.view.MotionEvent,int) -> e
android.support.v4.view.MotionEventCompatEclair -> android.support.v4.h.ao:
    int findPointerIndex(android.view.MotionEvent,int) -> a
    int getPointerId(android.view.MotionEvent,int) -> b
    float getX(android.view.MotionEvent,int) -> c
    float getY(android.view.MotionEvent,int) -> d
android.support.v4.view.MotionEventCompatGingerbread -> android.support.v4.h.ap:
    int getSource(android.view.MotionEvent) -> a
android.support.v4.view.MotionEventCompatHoneycombMr1 -> android.support.v4.h.aq:
    float getAxisValue(android.view.MotionEvent,int) -> a
android.support.v4.view.NestedScrollingChild -> android.support.v4.h.ar:
    void stopNestedScroll() -> stopNestedScroll
android.support.v4.view.NestedScrollingChildHelper -> android.support.v4.h.as:
    android.view.View mView -> a
    android.view.ViewParent mNestedScrollingParent -> b
    boolean mIsNestedScrollingEnabled -> c
    int[] mTempNestedScrollConsumed -> d
    void setNestedScrollingEnabled(boolean) -> a
    boolean isNestedScrollingEnabled() -> a
    boolean hasNestedScrollingParent() -> b
    boolean startNestedScroll(int) -> a
    void stopNestedScroll() -> c
    boolean dispatchNestedScroll(int,int,int,int,int[]) -> a
    boolean dispatchNestedPreScroll(int,int,int[],int[]) -> a
    boolean dispatchNestedFling(float,float,boolean) -> a
    boolean dispatchNestedPreFling(float,float) -> a
android.support.v4.view.NestedScrollingParent -> android.support.v4.h.at:
    boolean onStartNestedScroll(android.view.View,android.view.View,int) -> onStartNestedScroll
    void onNestedScrollAccepted(android.view.View,android.view.View,int) -> onNestedScrollAccepted
    void onStopNestedScroll(android.view.View) -> onStopNestedScroll
    void onNestedScroll(android.view.View,int,int,int,int) -> onNestedScroll
    void onNestedPreScroll(android.view.View,int,int,int[]) -> onNestedPreScroll
    boolean onNestedFling(android.view.View,float,float,boolean) -> onNestedFling
    boolean onNestedPreFling(android.view.View,float,float) -> onNestedPreFling
android.support.v4.view.NestedScrollingParentHelper -> android.support.v4.h.au:
    android.view.ViewGroup mViewGroup -> a
    int mNestedScrollAxes -> b
    void onNestedScrollAccepted(android.view.View,android.view.View,int) -> a
    int getNestedScrollAxes() -> a
    void onStopNestedScroll(android.view.View) -> a