app/build/outputs/mapping/release/usage.txt
abanoubm.engeel.BuildConfig
abanoubm.engeel.R
abanoubm.engeel.R$anim
abanoubm.engeel.R$attr
abanoubm.engeel.R$bool
abanoubm.engeel.R$color
abanoubm.engeel.R$dimen
abanoubm.engeel.R$drawable
abanoubm.engeel.R$id
abanoubm.engeel.R$integer
abanoubm.engeel.R$layout
abanoubm.engeel.R$mipmap
abanoubm.engeel.R$string
abanoubm.engeel.R$style
abanoubm.engeel.R$styleable
abanoubm.engeel.data.VerseContainer
abanoubm.engeel.main.BibileInfo:
    7:7:public BibileInfo()
abanoubm.engeel.main.DB:
    174:190:public java.lang.String getChapterString(int,int)
abanoubm.engeel.main.FavouriteDB:
    private static final java.lang.String TAG_BID
    private static final java.lang.String TAG_CID
    private static final java.lang.String TAG_VID
...
android.support.v4.widget.CircleImageView$OvalShadow
android.support.v4.widget.CompoundButtonCompat
android.support.v4.widget.CompoundButtonCompat$Api23CompoundButtonImpl
android.support.v4.widget.CompoundButtonCompat$BaseCompoundButtonCompat
android.support.v4.widget.CompoundButtonCompat$CompoundButtonCompatImpl
android.support.v4.widget.CompoundButtonCompat$LollipopCompoundButtonImpl
android.support.v4.widget.CompoundButtonCompatApi23
android.support.v4.widget.CompoundButtonCompatDonut
android.support.v4.widget.CompoundButtonCompatLollipop
android.support.v4.widget.ContentLoadingProgressBar
android.support.v4.widget.ContentLoadingProgressBar$1
android.support.v4.widget.ContentLoadingProgressBar$2
android.support.v4.widget.CursorAdapter:
    public static final int FLAG_AUTO_REQUERY
    public static final int FLAG_REGISTER_CONTENT_OBSERVER
    121:123:public CursorAdapter(android.content.Context,android.database.Cursor)
    150:152:public CursorAdapter(android.content.Context,android.database.Cursor,int)
    160:161:protected void init(android.content.Context,android.database.Cursor,boolean)
    420:420:public android.widget.FilterQueryProvider getFilterQueryProvider()
    436:437:public void setFilterQueryProvider(android.widget.FilterQueryProvider)
android.support.v4.widget.DrawerLayout
android.support.v4.widget.DrawerLayout$AccessibilityDelegate
android.support.v4.widget.DrawerLayout$ChildAccessibilityDelegate
android.support.v4.widget.DrawerLayout$DrawerLayoutCompatImpl
android.support.v4.widget.DrawerLayout$DrawerLayoutCompatImplApi21
android.support.v4.widget.DrawerLayout$DrawerLayoutCompatImplBase
android.support.v4.widget.DrawerLayout$DrawerListener
android.support.v4.widget.DrawerLayout$LayoutParams
android.support.v4.widget.DrawerLayout$SavedState
android.support.v4.widget.DrawerLayout$SavedState$1
android.support.v4.widget.DrawerLayout$SimpleDrawerListener
android.support.v4.widget.DrawerLayout$ViewDragCallback
android.support.v4.widget.DrawerLayout$ViewDragCallback$1
android.support.v4.widget.DrawerLayoutCompatApi21
android.support.v4.widget.DrawerLayoutCompatApi21$InsetsListener
android.support.v4.widget.DrawerLayoutImpl
android.support.v4.widget.EdgeEffectCompat:
    179:180:public void finish()
    195:195:public boolean onPull(float)
android.support.v4.widget.EdgeEffectCompat$BaseEdgeEffectImpl:
    74:74:public void finish(java.lang.Object)
    77:77:public boolean onPull(java.lang.Object,float)
android.support.v4.widget.EdgeEffectCompat$EdgeEffectIcsImpl:
    111:112:public void finish(java.lang.Object)
    115:115:public boolean onPull(java.lang.Object,float)
android.support.v4.widget.EdgeEffectCompat$EdgeEffectImpl:
    public abstract void finish(java.lang.Object)
    public abstract boolean onPull(java.lang.Object,float)
android.support.v4.widget.EdgeEffectCompatIcs:
    28:28:EdgeEffectCompatIcs()
    42:43:public static void finish(java.lang.Object)
android.support.v4.widget.EdgeEffectCompatLollipop:
    22:22:EdgeEffectCompatLollipop()
android.support.v4.widget.ExploreByTouchHelper
android.support.v4.widget.ExploreByTouchHelper$1
android.support.v4.widget.ExploreByTouchHelper$ExploreByTouchNodeProvider
android.support.v4.widget.ListPopupWindowCompat
android.support.v4.widget.ListPopupWindowCompat$BaseListPopupWindowImpl
android.support.v4.widget.ListPopupWindowCompat$KitKatListPopupWindowImpl
android.support.v4.widget.ListPopupWindowCompat$ListPopupWindowImpl
android.support.v4.widget.ListPopupWindowCompatKitKat
android.support.v4.widget.ListViewCompat:
    43:43:private ListViewCompat()
android.support.v4.widget.ListViewCompatDonut:
    23:23:ListViewCompatDonut()
android.support.v4.widget.ListViewCompatKitKat:
    22:22:ListViewCompatKitKat()
android.support.v4.widget.MaterialProgressDrawable
android.support.v4.widget.MaterialProgressDrawable$1
android.support.v4.widget.MaterialProgressDrawable$2
android.support.v4.widget.MaterialProgressDrawable$3